INFO:real_ai_agents.tools.crawl4ai_tool:âœ… crawl4ai package loaded successfully
INFO:crewai.flow.flow:Flow started with ID: 66717827-808e-4f8f-b8dd-a2867b119231
INFO:root:Bedrock: Successfully validated tool 'tavily_search'
ERROR:root:Bedrock connection error: Unable to locate credentials
ERROR:root:AWS Bedrock API call failed: Bedrock connection error: Unable to locate credentials
INFO:root:Bedrock: Successfully validated tool 'tavily_search'
ERROR:root:Bedrock connection error: Unable to locate credentials
ERROR:root:AWS Bedrock API call failed: Bedrock connection error: Unable to locate credentials
INFO:root:Bedrock: Successfully validated tool 'tavily_search'
ERROR:root:Bedrock connection error: Unable to locate credentials
ERROR:root:AWS Bedrock API call failed: Bedrock connection error: Unable to locate credentials
INFO:root:Bedrock: Successfully validated tool 'tavily_search'
ERROR:root:Bedrock connection error: Unable to locate credentials
ERROR:root:AWS Bedrock API call failed: Bedrock connection error: Unable to locate credentials
ERROR:root:Bedrock connection error: Unable to locate credentials
ERROR:root:AWS Bedrock API call failed: Bedrock connection error: Unable to locate credentials
ERROR:root:Bedrock connection error: Unable to locate credentials
ERROR:root:AWS Bedrock API call failed: Bedrock connection error: Unable to locate credentials
ERROR:root:Bedrock connection error: Unable to locate credentials
ERROR:root:AWS Bedrock API call failed: Bedrock connection error: Unable to locate credentials
ERROR:crewai.flow.flow:Error executing listener run_research_phase: Bedrock connection error: Unable to locate credentials
Traceback (most recent call last):
  File "/usr/local/lib/python3.11/site-packages/crewai/llms/providers/bedrock/completion.py", line 685, in _handle_converse
    response = self.client.converse(
               ^^^^^^^^^^^^^^^^^^^^^
  File "/usr/local/lib/python3.11/site-packages/botocore/client.py", line 602, in _api_call
    return self._make_api_call(operation_name, kwargs)
           ^^^^^^^^^^^^^^^^^^^^^^^^^^^^^^^^^^^^^^^^^^^
  File "/usr/local/lib/python3.11/site-packages/botocore/context.py", line 123, in wrapper
    return func(*args, **kwargs)
           ^^^^^^^^^^^^^^^^^^^^^
  File "/usr/local/lib/python3.11/site-packages/botocore/client.py", line 1060, in _make_api_call
    http, parsed_response = self._make_request(
                            ^^^^^^^^^^^^^^^^^^^
  File "/usr/local/lib/python3.11/site-packages/botocore/client.py", line 1084, in _make_request
    return self._endpoint.make_request(operation_model, request_dict)
           ^^^^^^^^^^^^^^^^^^^^^^^^^^^^^^^^^^^^^^^^^^^^^^^^^^^^^^^^^^
  File "/usr/local/lib/python3.11/site-packages/botocore/endpoint.py", line 119, in make_request
    return self._send_request(request_dict, operation_model)
           ^^^^^^^^^^^^^^^^^^^^^^^^^^^^^^^^^^^^^^^^^^^^^^^^^
  File "/usr/local/lib/python3.11/site-packages/botocore/endpoint.py", line 196, in _send_request
    request = self.create_request(request_dict, operation_model)
              ^^^^^^^^^^^^^^^^^^^^^^^^^^^^^^^^^^^^^^^^^^^^^^^^^^
  File "/usr/local/lib/python3.11/site-packages/botocore/endpoint.py", line 132, in create_request
    self._event_emitter.emit(
  File "/usr/local/lib/python3.11/site-packages/botocore/hooks.py", line 412, in emit
    return self._emitter.emit(aliased_event_name, **kwargs)
           ^^^^^^^^^^^^^^^^^^^^^^^^^^^^^^^^^^^^^^^^^^^^^^^^
  File "/usr/local/lib/python3.11/site-packages/botocore/hooks.py", line 256, in emit
    return self._emit(event_name, kwargs)
           ^^^^^^^^^^^^^^^^^^^^^^^^^^^^^^
  File "/usr/local/lib/python3.11/site-packages/botocore/hooks.py", line 239, in _emit
    response = handler(**kwargs)
               ^^^^^^^^^^^^^^^^^
  File "/usr/local/lib/python3.11/site-packages/botocore/signers.py", line 108, in handler
    return self.sign(operation_name, request)
           ^^^^^^^^^^^^^^^^^^^^^^^^^^^^^^^^^^
  File "/usr/local/lib/python3.11/site-packages/botocore/signers.py", line 200, in sign
    auth.add_auth(request)
  File "/usr/local/lib/python3.11/site-packages/botocore/auth.py", line 422, in add_auth
    raise NoCredentialsError()
botocore.exceptions.NoCredentialsError: Unable to locate credentials

The above exception was the direct cause of the following exception:

Traceback (most recent call last):
  File "/usr/local/lib/python3.11/site-packages/crewai/agent/core.py", line 459, in execute_task
    result = self._execute_without_timeout(task_prompt, task)
             ^^^^^^^^^^^^^^^^^^^^^^^^^^^^^^^^^^^^^^^^^^^^^^^^
  File "/usr/local/lib/python3.11/site-packages/crewai/agent/core.py", line 568, in _execute_without_timeout
    return self.agent_executor.invoke(
           ^^^^^^^^^^^^^^^^^^^^^^^^^^^
  File "/usr/local/lib/python3.11/site-packages/crewai/agents/crew_agent_executor.py", line 207, in invoke
    formatted_answer = self._invoke_loop()
                       ^^^^^^^^^^^^^^^^^^^
  File "/usr/local/lib/python3.11/site-packages/crewai/agents/crew_agent_executor.py", line 305, in _invoke_loop
    return self._invoke_loop_native_tools()
           ^^^^^^^^^^^^^^^^^^^^^^^^^^^^^^^^
  File "/usr/local/lib/python3.11/site-packages/crewai/agents/crew_agent_executor.py", line 579, in _invoke_loop_native_tools
    raise e
  File "/usr/local/lib/python3.11/site-packages/crewai/agents/crew_agent_executor.py", line 498, in _invoke_loop_native_tools
    answer = get_llm_response(
             ^^^^^^^^^^^^^^^^^
  File "/usr/local/lib/python3.11/site-packages/crewai/utilities/agent_utils.py", line 372, in get_llm_response
    raise e
  File "/usr/local/lib/python3.11/site-packages/crewai/utilities/agent_utils.py", line 362, in get_llm_response
    answer = llm.call(
             ^^^^^^^^^
  File "/usr/local/lib/python3.11/site-packages/crewai/llms/providers/bedrock/completion.py", line 460, in call
    return self._handle_converse(
           ^^^^^^^^^^^^^^^^^^^^^^
  File "/usr/local/lib/python3.11/site-packages/crewai/llms/providers/bedrock/completion.py", line 891, in _handle_converse
    raise ConnectionError(error_msg) from e
ConnectionError: Bedrock connection error: Unable to locate credentials

During handling of the above exception, another exception occurred:

Traceback (most recent call last):
  File "/usr/local/lib/python3.11/site-packages/crewai/llms/providers/bedrock/completion.py", line 685, in _handle_converse
    response = self.client.converse(
               ^^^^^^^^^^^^^^^^^^^^^
  File "/usr/local/lib/python3.11/site-packages/botocore/client.py", line 602, in _api_call
    return self._make_api_call(operation_name, kwargs)
           ^^^^^^^^^^^^^^^^^^^^^^^^^^^^^^^^^^^^^^^^^^^
  File "/usr/local/lib/python3.11/site-packages/botocore/context.py", line 123, in wrapper
    return func(*args, **kwargs)
           ^^^^^^^^^^^^^^^^^^^^^
  File "/usr/local/lib/python3.11/site-packages/botocore/client.py", line 1060, in _make_api_call
    http, parsed_response = self._make_request(
                            ^^^^^^^^^^^^^^^^^^^
  File "/usr/local/lib/python3.11/site-packages/botocore/client.py", line 1084, in _make_request
    return self._endpoint.make_request(operation_model, request_dict)
           ^^^^^^^^^^^^^^^^^^^^^^^^^^^^^^^^^^^^^^^^^^^^^^^^^^^^^^^^^^
  File "/usr/local/lib/python3.11/site-packages/botocore/endpoint.py", line 119, in make_request
    return self._send_request(request_dict, operation_model)
           ^^^^^^^^^^^^^^^^^^^^^^^^^^^^^^^^^^^^^^^^^^^^^^^^^
  File "/usr/local/lib/python3.11/site-packages/botocore/endpoint.py", line 196, in _send_request
    request = self.create_request(request_dict, operation_model)
              ^^^^^^^^^^^^^^^^^^^^^^^^^^^^^^^^^^^^^^^^^^^^^^^^^^
  File "/usr/local/lib/python3.11/site-packages/botocore/endpoint.py", line 132, in create_request
    self._event_emitter.emit(
  File "/usr/local/lib/python3.11/site-packages/botocore/hooks.py", line 412, in emit
    return self._emitter.emit(aliased_event_name, **kwargs)
           ^^^^^^^^^^^^^^^^^^^^^^^^^^^^^^^^^^^^^^^^^^^^^^^^
  File "/usr/local/lib/python3.11/site-packages/botocore/hooks.py", line 256, in emit
    return self._emit(event_name, kwargs)
           ^^^^^^^^^^^^^^^^^^^^^^^^^^^^^^
  File "/usr/local/lib/python3.11/site-packages/botocore/hooks.py", line 239, in _emit
    response = handler(**kwargs)
               ^^^^^^^^^^^^^^^^^
  File "/usr/local/lib/python3.11/site-packages/botocore/signers.py", line 108, in handler
    return self.sign(operation_name, request)
           ^^^^^^^^^^^^^^^^^^^^^^^^^^^^^^^^^^
  File "/usr/local/lib/python3.11/site-packages/botocore/signers.py", line 200, in sign
    auth.add_auth(request)
  File "/usr/local/lib/python3.11/site-packages/botocore/auth.py", line 422, in add_auth
    raise NoCredentialsError()
botocore.exceptions.NoCredentialsError: Unable to locate credentials

The above exception was the direct cause of the following exception:

Traceback (most recent call last):
  File "/usr/local/lib/python3.11/site-packages/crewai/agent/core.py", line 459, in execute_task
    result = self._execute_without_timeout(task_prompt, task)
             ^^^^^^^^^^^^^^^^^^^^^^^^^^^^^^^^^^^^^^^^^^^^^^^^
  File "/usr/local/lib/python3.11/site-packages/crewai/agent/core.py", line 568, in _execute_without_timeout
    return self.agent_executor.invoke(
           ^^^^^^^^^^^^^^^^^^^^^^^^^^^
  File "/usr/local/lib/python3.11/site-packages/crewai/agents/crew_agent_executor.py", line 207, in invoke
    formatted_answer = self._invoke_loop()
                       ^^^^^^^^^^^^^^^^^^^
  File "/usr/local/lib/python3.11/site-packages/crewai/agents/crew_agent_executor.py", line 305, in _invoke_loop
    return self._invoke_loop_native_tools()
           ^^^^^^^^^^^^^^^^^^^^^^^^^^^^^^^^
  File "/usr/local/lib/python3.11/site-packages/crewai/agents/crew_agent_executor.py", line 579, in _invoke_loop_native_tools
    raise e
  File "/usr/local/lib/python3.11/site-packages/crewai/agents/crew_agent_executor.py", line 498, in _invoke_loop_native_tools
    answer = get_llm_response(
             ^^^^^^^^^^^^^^^^^
  File "/usr/local/lib/python3.11/site-packages/crewai/utilities/agent_utils.py", line 372, in get_llm_response
    raise e
  File "/usr/local/lib/python3.11/site-packages/crewai/utilities/agent_utils.py", line 362, in get_llm_response
    answer = llm.call(
             ^^^^^^^^^
  File "/usr/local/lib/python3.11/site-packages/crewai/llms/providers/bedrock/completion.py", line 460, in call
    return self._handle_converse(
           ^^^^^^^^^^^^^^^^^^^^^^
  File "/usr/local/lib/python3.11/site-packages/crewai/llms/providers/bedrock/completion.py", line 891, in _handle_converse
    raise ConnectionError(error_msg) from e
ConnectionError: Bedrock connection error: Unable to locate credentials

During handling of the above exception, another exception occurred:

Traceback (most recent call last):
  File "/usr/local/lib/python3.11/site-packages/crewai/llms/providers/bedrock/completion.py", line 685, in _handle_converse
    response = self.client.converse(
               ^^^^^^^^^^^^^^^^^^^^^
  File "/usr/local/lib/python3.11/site-packages/botocore/client.py", line 602, in _api_call
    return self._make_api_call(operation_name, kwargs)
           ^^^^^^^^^^^^^^^^^^^^^^^^^^^^^^^^^^^^^^^^^^^
  File "/usr/local/lib/python3.11/site-packages/botocore/context.py", line 123, in wrapper
    return func(*args, **kwargs)
           ^^^^^^^^^^^^^^^^^^^^^
  File "/usr/local/lib/python3.11/site-packages/botocore/client.py", line 1060, in _make_api_call
    http, parsed_response = self._make_request(
                            ^^^^^^^^^^^^^^^^^^^
  File "/usr/local/lib/python3.11/site-packages/botocore/client.py", line 1084, in _make_request
    return self._endpoint.make_request(operation_model, request_dict)
           ^^^^^^^^^^^^^^^^^^^^^^^^^^^^^^^^^^^^^^^^^^^^^^^^^^^^^^^^^^
  File "/usr/local/lib/python3.11/site-packages/botocore/endpoint.py", line 119, in make_request
    return self._send_request(request_dict, operation_model)
           ^^^^^^^^^^^^^^^^^^^^^^^^^^^^^^^^^^^^^^^^^^^^^^^^^
  File "/usr/local/lib/python3.11/site-packages/botocore/endpoint.py", line 196, in _send_request
    request = self.create_request(request_dict, operation_model)
              ^^^^^^^^^^^^^^^^^^^^^^^^^^^^^^^^^^^^^^^^^^^^^^^^^^
  File "/usr/local/lib/python3.11/site-packages/botocore/endpoint.py", line 132, in create_request
    self._event_emitter.emit(
  File "/usr/local/lib/python3.11/site-packages/botocore/hooks.py", line 412, in emit
    return self._emitter.emit(aliased_event_name, **kwargs)
           ^^^^^^^^^^^^^^^^^^^^^^^^^^^^^^^^^^^^^^^^^^^^^^^^
  File "/usr/local/lib/python3.11/site-packages/botocore/hooks.py", line 256, in emit
    return self._emit(event_name, kwargs)
           ^^^^^^^^^^^^^^^^^^^^^^^^^^^^^^
  File "/usr/local/lib/python3.11/site-packages/botocore/hooks.py", line 239, in _emit
    response = handler(**kwargs)
               ^^^^^^^^^^^^^^^^^
  File "/usr/local/lib/python3.11/site-packages/botocore/signers.py", line 108, in handler
    return self.sign(operation_name, request)
           ^^^^^^^^^^^^^^^^^^^^^^^^^^^^^^^^^^
  File "/usr/local/lib/python3.11/site-packages/botocore/signers.py", line 200, in sign
    auth.add_auth(request)
  File "/usr/local/lib/python3.11/site-packages/botocore/auth.py", line 422, in add_auth
    raise NoCredentialsError()
botocore.exceptions.NoCredentialsError: Unable to locate credentials

The above exception was the direct cause of the following exception:

Traceback (most recent call last):
  File "/usr/local/lib/python3.11/site-packages/crewai/agent/core.py", line 459, in execute_task
    result = self._execute_without_timeout(task_prompt, task)
             ^^^^^^^^^^^^^^^^^^^^^^^^^^^^^^^^^^^^^^^^^^^^^^^^
  File "/usr/local/lib/python3.11/site-packages/crewai/agent/core.py", line 568, in _execute_without_timeout
    return self.agent_executor.invoke(
           ^^^^^^^^^^^^^^^^^^^^^^^^^^^
  File "/usr/local/lib/python3.11/site-packages/crewai/agents/crew_agent_executor.py", line 207, in invoke
    formatted_answer = self._invoke_loop()
                       ^^^^^^^^^^^^^^^^^^^
  File "/usr/local/lib/python3.11/site-packages/crewai/agents/crew_agent_executor.py", line 305, in _invoke_loop
    return self._invoke_loop_native_tools()
           ^^^^^^^^^^^^^^^^^^^^^^^^^^^^^^^^
  File "/usr/local/lib/python3.11/site-packages/crewai/agents/crew_agent_executor.py", line 579, in _invoke_loop_native_tools
    raise e
  File "/usr/local/lib/python3.11/site-packages/crewai/agents/crew_agent_executor.py", line 498, in _invoke_loop_native_tools
    answer = get_llm_response(
             ^^^^^^^^^^^^^^^^^
  File "/usr/local/lib/python3.11/site-packages/crewai/utilities/agent_utils.py", line 372, in get_llm_response
    raise e
  File "/usr/local/lib/python3.11/site-packages/crewai/utilities/agent_utils.py", line 362, in get_llm_response
    answer = llm.call(
             ^^^^^^^^^
  File "/usr/local/lib/python3.11/site-packages/crewai/llms/providers/bedrock/completion.py", line 460, in call
    return self._handle_converse(
           ^^^^^^^^^^^^^^^^^^^^^^
  File "/usr/local/lib/python3.11/site-packages/crewai/llms/providers/bedrock/completion.py", line 891, in _handle_converse
    raise ConnectionError(error_msg) from e
ConnectionError: Bedrock connection error: Unable to locate credentials

During handling of the above exception, another exception occurred:

Traceback (most recent call last):
  File "/usr/local/lib/python3.11/site-packages/crewai/llms/providers/bedrock/completion.py", line 685, in _handle_converse
    response = self.client.converse(
               ^^^^^^^^^^^^^^^^^^^^^
  File "/usr/local/lib/python3.11/site-packages/botocore/client.py", line 602, in _api_call
    return self._make_api_call(operation_name, kwargs)
           ^^^^^^^^^^^^^^^^^^^^^^^^^^^^^^^^^^^^^^^^^^^
  File "/usr/local/lib/python3.11/site-packages/botocore/context.py", line 123, in wrapper
    return func(*args, **kwargs)
           ^^^^^^^^^^^^^^^^^^^^^
  File "/usr/local/lib/python3.11/site-packages/botocore/client.py", line 1060, in _make_api_call
    http, parsed_response = self._make_request(
                            ^^^^^^^^^^^^^^^^^^^
  File "/usr/local/lib/python3.11/site-packages/botocore/client.py", line 1084, in _make_request
    return self._endpoint.make_request(operation_model, request_dict)
           ^^^^^^^^^^^^^^^^^^^^^^^^^^^^^^^^^^^^^^^^^^^^^^^^^^^^^^^^^^
  File "/usr/local/lib/python3.11/site-packages/botocore/endpoint.py", line 119, in make_request
    return self._send_request(request_dict, operation_model)
           ^^^^^^^^^^^^^^^^^^^^^^^^^^^^^^^^^^^^^^^^^^^^^^^^^
  File "/usr/local/lib/python3.11/site-packages/botocore/endpoint.py", line 196, in _send_request
    request = self.create_request(request_dict, operation_model)
              ^^^^^^^^^^^^^^^^^^^^^^^^^^^^^^^^^^^^^^^^^^^^^^^^^^
  File "/usr/local/lib/python3.11/site-packages/botocore/endpoint.py", line 132, in create_request
    self._event_emitter.emit(
  File "/usr/local/lib/python3.11/site-packages/botocore/hooks.py", line 412, in emit
    return self._emitter.emit(aliased_event_name, **kwargs)
           ^^^^^^^^^^^^^^^^^^^^^^^^^^^^^^^^^^^^^^^^^^^^^^^^
  File "/usr/local/lib/python3.11/site-packages/botocore/hooks.py", line 256, in emit
    return self._emit(event_name, kwargs)
           ^^^^^^^^^^^^^^^^^^^^^^^^^^^^^^
  File "/usr/local/lib/python3.11/site-packages/botocore/hooks.py", line 239, in _emit
    response = handler(**kwargs)
               ^^^^^^^^^^^^^^^^^
  File "/usr/local/lib/python3.11/site-packages/botocore/signers.py", line 108, in handler
    return self.sign(operation_name, request)
           ^^^^^^^^^^^^^^^^^^^^^^^^^^^^^^^^^^
  File "/usr/local/lib/python3.11/site-packages/botocore/signers.py", line 200, in sign
    auth.add_auth(request)
  File "/usr/local/lib/python3.11/site-packages/botocore/auth.py", line 422, in add_auth
    raise NoCredentialsError()
botocore.exceptions.NoCredentialsError: Unable to locate credentials

The above exception was the direct cause of the following exception:

Traceback (most recent call last):
  File "/usr/local/lib/python3.11/site-packages/crewai/agent/core.py", line 459, in execute_task
    result = self._execute_without_timeout(task_prompt, task)
             ^^^^^^^^^^^^^^^^^^^^^^^^^^^^^^^^^^^^^^^^^^^^^^^^
  File "/usr/local/lib/python3.11/site-packages/crewai/agent/core.py", line 568, in _execute_without_timeout
    return self.agent_executor.invoke(
           ^^^^^^^^^^^^^^^^^^^^^^^^^^^
  File "/usr/local/lib/python3.11/site-packages/crewai/agents/crew_agent_executor.py", line 207, in invoke
    formatted_answer = self._invoke_loop()
                       ^^^^^^^^^^^^^^^^^^^
  File "/usr/local/lib/python3.11/site-packages/crewai/agents/crew_agent_executor.py", line 305, in _invoke_loop
    return self._invoke_loop_native_tools()
           ^^^^^^^^^^^^^^^^^^^^^^^^^^^^^^^^
  File "/usr/local/lib/python3.11/site-packages/crewai/agents/crew_agent_executor.py", line 579, in _invoke_loop_native_tools
    raise e
  File "/usr/local/lib/python3.11/site-packages/crewai/agents/crew_agent_executor.py", line 498, in _invoke_loop_native_tools
    answer = get_llm_response(
             ^^^^^^^^^^^^^^^^^
  File "/usr/local/lib/python3.11/site-packages/crewai/utilities/agent_utils.py", line 372, in get_llm_response
    raise e
  File "/usr/local/lib/python3.11/site-packages/crewai/utilities/agent_utils.py", line 362, in get_llm_response
    answer = llm.call(
             ^^^^^^^^^
  File "/usr/local/lib/python3.11/site-packages/crewai/llms/providers/bedrock/completion.py", line 460, in call
    return self._handle_converse(
           ^^^^^^^^^^^^^^^^^^^^^^
  File "/usr/local/lib/python3.11/site-packages/crewai/llms/providers/bedrock/completion.py", line 891, in _handle_converse
    raise ConnectionError(error_msg) from e
ConnectionError: Bedrock connection error: Unable to locate credentials

During handling of the above exception, another exception occurred:

Traceback (most recent call last):
  File "/usr/local/lib/python3.11/site-packages/crewai/llms/providers/bedrock/completion.py", line 685, in _handle_converse
    response = self.client.converse(
               ^^^^^^^^^^^^^^^^^^^^^
  File "/usr/local/lib/python3.11/site-packages/botocore/client.py", line 602, in _api_call
    return self._make_api_call(operation_name, kwargs)
           ^^^^^^^^^^^^^^^^^^^^^^^^^^^^^^^^^^^^^^^^^^^
  File "/usr/local/lib/python3.11/site-packages/botocore/context.py", line 123, in wrapper
    return func(*args, **kwargs)
           ^^^^^^^^^^^^^^^^^^^^^
  File "/usr/local/lib/python3.11/site-packages/botocore/client.py", line 1060, in _make_api_call
    http, parsed_response = self._make_request(
                            ^^^^^^^^^^^^^^^^^^^
  File "/usr/local/lib/python3.11/site-packages/botocore/client.py", line 1084, in _make_request
    return self._endpoint.make_request(operation_model, request_dict)
           ^^^^^^^^^^^^^^^^^^^^^^^^^^^^^^^^^^^^^^^^^^^^^^^^^^^^^^^^^^
  File "/usr/local/lib/python3.11/site-packages/botocore/endpoint.py", line 119, in make_request
    return self._send_request(request_dict, operation_model)
           ^^^^^^^^^^^^^^^^^^^^^^^^^^^^^^^^^^^^^^^^^^^^^^^^^
  File "/usr/local/lib/python3.11/site-packages/botocore/endpoint.py", line 196, in _send_request
    request = self.create_request(request_dict, operation_model)
              ^^^^^^^^^^^^^^^^^^^^^^^^^^^^^^^^^^^^^^^^^^^^^^^^^^
  File "/usr/local/lib/python3.11/site-packages/botocore/endpoint.py", line 132, in create_request
    self._event_emitter.emit(
  File "/usr/local/lib/python3.11/site-packages/botocore/hooks.py", line 412, in emit
    return self._emitter.emit(aliased_event_name, **kwargs)
           ^^^^^^^^^^^^^^^^^^^^^^^^^^^^^^^^^^^^^^^^^^^^^^^^
  File "/usr/local/lib/python3.11/site-packages/botocore/hooks.py", line 256, in emit
    return self._emit(event_name, kwargs)
           ^^^^^^^^^^^^^^^^^^^^^^^^^^^^^^
  File "/usr/local/lib/python3.11/site-packages/botocore/hooks.py", line 239, in _emit
    response = handler(**kwargs)
               ^^^^^^^^^^^^^^^^^
  File "/usr/local/lib/python3.11/site-packages/botocore/signers.py", line 108, in handler
    return self.sign(operation_name, request)
           ^^^^^^^^^^^^^^^^^^^^^^^^^^^^^^^^^^
  File "/usr/local/lib/python3.11/site-packages/botocore/signers.py", line 200, in sign
    auth.add_auth(request)
  File "/usr/local/lib/python3.11/site-packages/botocore/auth.py", line 422, in add_auth
    raise NoCredentialsError()
botocore.exceptions.NoCredentialsError: Unable to locate credentials

The above exception was the direct cause of the following exception:

Traceback (most recent call last):
  File "/usr/local/lib/python3.11/site-packages/crewai/agent/core.py", line 459, in execute_task
    result = self._execute_without_timeout(task_prompt, task)
             ^^^^^^^^^^^^^^^^^^^^^^^^^^^^^^^^^^^^^^^^^^^^^^^^
  File "/usr/local/lib/python3.11/site-packages/crewai/agent/core.py", line 568, in _execute_without_timeout
    return self.agent_executor.invoke(
           ^^^^^^^^^^^^^^^^^^^^^^^^^^^
  File "/usr/local/lib/python3.11/site-packages/crewai/agents/crew_agent_executor.py", line 207, in invoke
    formatted_answer = self._invoke_loop()
                       ^^^^^^^^^^^^^^^^^^^
  File "/usr/local/lib/python3.11/site-packages/crewai/agents/crew_agent_executor.py", line 305, in _invoke_loop
    return self._invoke_loop_native_tools()
           ^^^^^^^^^^^^^^^^^^^^^^^^^^^^^^^^
  File "/usr/local/lib/python3.11/site-packages/crewai/agents/crew_agent_executor.py", line 579, in _invoke_loop_native_tools
    raise e
  File "/usr/local/lib/python3.11/site-packages/crewai/agents/crew_agent_executor.py", line 480, in _invoke_loop_native_tools
    formatted_answer = handle_max_iterations_exceeded(
                       ^^^^^^^^^^^^^^^^^^^^^^^^^^^^^^^
  File "/usr/local/lib/python3.11/site-packages/crewai/utilities/agent_utils.py", line 246, in handle_max_iterations_exceeded
    answer = llm.call(
             ^^^^^^^^^
  File "/usr/local/lib/python3.11/site-packages/crewai/llms/providers/bedrock/completion.py", line 460, in call
    return self._handle_converse(
           ^^^^^^^^^^^^^^^^^^^^^^
  File "/usr/local/lib/python3.11/site-packages/crewai/llms/providers/bedrock/completion.py", line 891, in _handle_converse
    raise ConnectionError(error_msg) from e
ConnectionError: Bedrock connection error: Unable to locate credentials

During handling of the above exception, another exception occurred:

Traceback (most recent call last):
  File "/usr/local/lib/python3.11/site-packages/crewai/llms/providers/bedrock/completion.py", line 685, in _handle_converse
    response = self.client.converse(
               ^^^^^^^^^^^^^^^^^^^^^
  File "/usr/local/lib/python3.11/site-packages/botocore/client.py", line 602, in _api_call
    return self._make_api_call(operation_name, kwargs)
           ^^^^^^^^^^^^^^^^^^^^^^^^^^^^^^^^^^^^^^^^^^^
  File "/usr/local/lib/python3.11/site-packages/botocore/context.py", line 123, in wrapper
    return func(*args, **kwargs)
           ^^^^^^^^^^^^^^^^^^^^^
  File "/usr/local/lib/python3.11/site-packages/botocore/client.py", line 1060, in _make_api_call
    http, parsed_response = self._make_request(
                            ^^^^^^^^^^^^^^^^^^^
  File "/usr/local/lib/python3.11/site-packages/botocore/client.py", line 1084, in _make_request
    return self._endpoint.make_request(operation_model, request_dict)
           ^^^^^^^^^^^^^^^^^^^^^^^^^^^^^^^^^^^^^^^^^^^^^^^^^^^^^^^^^^
  File "/usr/local/lib/python3.11/site-packages/botocore/endpoint.py", line 119, in make_request
    return self._send_request(request_dict, operation_model)
           ^^^^^^^^^^^^^^^^^^^^^^^^^^^^^^^^^^^^^^^^^^^^^^^^^
  File "/usr/local/lib/python3.11/site-packages/botocore/endpoint.py", line 196, in _send_request
    request = self.create_request(request_dict, operation_model)
              ^^^^^^^^^^^^^^^^^^^^^^^^^^^^^^^^^^^^^^^^^^^^^^^^^^
  File "/usr/local/lib/python3.11/site-packages/botocore/endpoint.py", line 132, in create_request
    self._event_emitter.emit(
  File "/usr/local/lib/python3.11/site-packages/botocore/hooks.py", line 412, in emit
    return self._emitter.emit(aliased_event_name, **kwargs)
           ^^^^^^^^^^^^^^^^^^^^^^^^^^^^^^^^^^^^^^^^^^^^^^^^
  File "/usr/local/lib/python3.11/site-packages/botocore/hooks.py", line 256, in emit
    return self._emit(event_name, kwargs)
           ^^^^^^^^^^^^^^^^^^^^^^^^^^^^^^
  File "/usr/local/lib/python3.11/site-packages/botocore/hooks.py", line 239, in _emit
    response = handler(**kwargs)
               ^^^^^^^^^^^^^^^^^
  File "/usr/local/lib/python3.11/site-packages/botocore/signers.py", line 108, in handler
    return self.sign(operation_name, request)
           ^^^^^^^^^^^^^^^^^^^^^^^^^^^^^^^^^^
  File "/usr/local/lib/python3.11/site-packages/botocore/signers.py", line 200, in sign
    auth.add_auth(request)
  File "/usr/local/lib/python3.11/site-packages/botocore/auth.py", line 422, in add_auth
    raise NoCredentialsError()
botocore.exceptions.NoCredentialsError: Unable to locate credentials

The above exception was the direct cause of the following exception:

Traceback (most recent call last):
  File "/usr/local/lib/python3.11/site-packages/crewai/agent/core.py", line 459, in execute_task
    result = self._execute_without_timeout(task_prompt, task)
             ^^^^^^^^^^^^^^^^^^^^^^^^^^^^^^^^^^^^^^^^^^^^^^^^
  File "/usr/local/lib/python3.11/site-packages/crewai/agent/core.py", line 568, in _execute_without_timeout
    return self.agent_executor.invoke(
           ^^^^^^^^^^^^^^^^^^^^^^^^^^^
  File "/usr/local/lib/python3.11/site-packages/crewai/agents/crew_agent_executor.py", line 207, in invoke
    formatted_answer = self._invoke_loop()
                       ^^^^^^^^^^^^^^^^^^^
  File "/usr/local/lib/python3.11/site-packages/crewai/agents/crew_agent_executor.py", line 305, in _invoke_loop
    return self._invoke_loop_native_tools()
           ^^^^^^^^^^^^^^^^^^^^^^^^^^^^^^^^
  File "/usr/local/lib/python3.11/site-packages/crewai/agents/crew_agent_executor.py", line 579, in _invoke_loop_native_tools
    raise e
  File "/usr/local/lib/python3.11/site-packages/crewai/agents/crew_agent_executor.py", line 480, in _invoke_loop_native_tools
    formatted_answer = handle_max_iterations_exceeded(
                       ^^^^^^^^^^^^^^^^^^^^^^^^^^^^^^^
  File "/usr/local/lib/python3.11/site-packages/crewai/utilities/agent_utils.py", line 246, in handle_max_iterations_exceeded
    answer = llm.call(
             ^^^^^^^^^
  File "/usr/local/lib/python3.11/site-packages/crewai/llms/providers/bedrock/completion.py", line 460, in call
    return self._handle_converse(
           ^^^^^^^^^^^^^^^^^^^^^^
  File "/usr/local/lib/python3.11/site-packages/crewai/llms/providers/bedrock/completion.py", line 891, in _handle_converse
    raise ConnectionError(error_msg) from e
ConnectionError: Bedrock connection error: Unable to locate credentials

During handling of the above exception, another exception occurred:

Traceback (most recent call last):
  File "/usr/local/lib/python3.11/site-packages/crewai/llms/providers/bedrock/completion.py", line 685, in _handle_converse
    response = self.client.converse(
               ^^^^^^^^^^^^^^^^^^^^^
  File "/usr/local/lib/python3.11/site-packages/botocore/client.py", line 602, in _api_call
    return self._make_api_call(operation_name, kwargs)
           ^^^^^^^^^^^^^^^^^^^^^^^^^^^^^^^^^^^^^^^^^^^
  File "/usr/local/lib/python3.11/site-packages/botocore/context.py", line 123, in wrapper
    return func(*args, **kwargs)
           ^^^^^^^^^^^^^^^^^^^^^
  File "/usr/local/lib/python3.11/site-packages/botocore/client.py", line 1060, in _make_api_call
    http, parsed_response = self._make_request(
                            ^^^^^^^^^^^^^^^^^^^
  File "/usr/local/lib/python3.11/site-packages/botocore/client.py", line 1084, in _make_request
    return self._endpoint.make_request(operation_model, request_dict)
           ^^^^^^^^^^^^^^^^^^^^^^^^^^^^^^^^^^^^^^^^^^^^^^^^^^^^^^^^^^
  File "/usr/local/lib/python3.11/site-packages/botocore/endpoint.py", line 119, in make_request
    return self._send_request(request_dict, operation_model)
           ^^^^^^^^^^^^^^^^^^^^^^^^^^^^^^^^^^^^^^^^^^^^^^^^^
  File "/usr/local/lib/python3.11/site-packages/botocore/endpoint.py", line 196, in _send_request
    request = self.create_request(request_dict, operation_model)
              ^^^^^^^^^^^^^^^^^^^^^^^^^^^^^^^^^^^^^^^^^^^^^^^^^^
  File "/usr/local/lib/python3.11/site-packages/botocore/endpoint.py", line 132, in create_request
    self._event_emitter.emit(
  File "/usr/local/lib/python3.11/site-packages/botocore/hooks.py", line 412, in emit
    return self._emitter.emit(aliased_event_name, **kwargs)
           ^^^^^^^^^^^^^^^^^^^^^^^^^^^^^^^^^^^^^^^^^^^^^^^^
  File "/usr/local/lib/python3.11/site-packages/botocore/hooks.py", line 256, in emit
    return self._emit(event_name, kwargs)
           ^^^^^^^^^^^^^^^^^^^^^^^^^^^^^^
  File "/usr/local/lib/python3.11/site-packages/botocore/hooks.py", line 239, in _emit
    response = handler(**kwargs)
               ^^^^^^^^^^^^^^^^^
  File "/usr/local/lib/python3.11/site-packages/botocore/signers.py", line 108, in handler
    return self.sign(operation_name, request)
           ^^^^^^^^^^^^^^^^^^^^^^^^^^^^^^^^^^
  File "/usr/local/lib/python3.11/site-packages/botocore/signers.py", line 200, in sign
    auth.add_auth(request)
  File "/usr/local/lib/python3.11/site-packages/botocore/auth.py", line 422, in add_auth
    raise NoCredentialsError()
botocore.exceptions.NoCredentialsError: Unable to locate credentials

The above exception was the direct cause of the following exception:

Traceback (most recent call last):
  File "/tmp/repo/src/real_ai_agents/main.py", line 297, in <module>
    kickoff()
  File "/tmp/repo/src/real_ai_agents/main.py", line 288, in kickoff
    RealEstateFlow().kickoff(inputs=inputs)
  File "/usr/local/lib/python3.11/site-packages/crewai/flow/flow.py", line 1475, in kickoff
    return asyncio.run(_run_flow())
           ^^^^^^^^^^^^^^^^^^^^^^^^
  File "/usr/local/lib/python3.11/asyncio/runners.py", line 190, in run
    return runner.run(main)
           ^^^^^^^^^^^^^^^^
  File "/usr/local/lib/python3.11/asyncio/runners.py", line 118, in run
    return self._loop.run_until_complete(task)
           ^^^^^^^^^^^^^^^^^^^^^^^^^^^^^^^^^^^
  File "/usr/local/lib/python3.11/asyncio/base_events.py", line 654, in run_until_complete
    return future.result()
           ^^^^^^^^^^^^^^^
  File "/usr/local/lib/python3.11/site-packages/crewai/flow/flow.py", line 1473, in _run_flow
    return await self.kickoff_async(inputs, input_files)
           ^^^^^^^^^^^^^^^^^^^^^^^^^^^^^^^^^^^^^^^^^^^^^
  File "/usr/local/lib/python3.11/site-packages/crewai/flow/flow.py", line 1628, in kickoff_async
    await asyncio.gather(*tasks)
  File "/usr/local/lib/python3.11/site-packages/crewai/flow/flow.py", line 1813, in _execute_start_method
    await self._execute_listeners(start_method_name, result, finished_event_id)
  File "/usr/local/lib/python3.11/site-packages/crewai/flow/flow.py", line 2074, in _execute_listeners
    await asyncio.gather(*tasks)
  File "/usr/local/lib/python3.11/site-packages/crewai/flow/flow.py", line 2313, in _execute_single_listener
    listener_result, finished_event_id = await self._execute_method(
                                         ^^^^^^^^^^^^^^^^^^^^^^^^^^^
  File "/usr/local/lib/python3.11/site-packages/crewai/flow/flow.py", line 1960, in _execute_method
    raise e
  File "/usr/local/lib/python3.11/site-packages/crewai/flow/flow.py", line 1892, in _execute_method
    result = await asyncio.to_thread(ctx.run, method, *args, **kwargs)
             ^^^^^^^^^^^^^^^^^^^^^^^^^^^^^^^^^^^^^^^^^^^^^^^^^^^^^^^^^
  File "/usr/local/lib/python3.11/asyncio/threads.py", line 25, in to_thread
    return await loop.run_in_executor(None, func_call)
           ^^^^^^^^^^^^^^^^^^^^^^^^^^^^^^^^^^^^^^^^^^^
  File "/usr/local/lib/python3.11/concurrent/futures/thread.py", line 58, in run
    result = self.fn(*self.args, **self.kwargs)
             ^^^^^^^^^^^^^^^^^^^^^^^^^^^^^^^^^^
  File "/usr/local/lib/python3.11/site-packages/crewai/flow/flow_wrappers.py", line 93, in __call__
    return self._meth(self._instance, *args, **kwargs)
           ^^^^^^^^^^^^^^^^^^^^^^^^^^^^^^^^^^^^^^^^^^^
  File "/tmp/repo/src/real_ai_agents/main.py", line 115, in run_research_phase
    result = ResearchCrew().crew().kickoff(inputs={
             ^^^^^^^^^^^^^^^^^^^^^^^^^^^^^^^^^^^^^^
  File "/opt/stratum_patcher/crewai_patch.py", line 77, in wrapper
    result = original(self, *args, **kwargs)
             ^^^^^^^^^^^^^^^^^^^^^^^^^^^^^^^
  File "/usr/local/lib/python3.11/site-packages/crewai/crew.py", line 743, in kickoff
    result = self._run_sequential_process()
             ^^^^^^^^^^^^^^^^^^^^^^^^^^^^^^
  File "/usr/local/lib/python3.11/site-packages/crewai/crew.py", line 1150, in _run_sequential_process
    return self._execute_tasks(self.tasks)
           ^^^^^^^^^^^^^^^^^^^^^^^^^^^^^^^
  File "/usr/local/lib/python3.11/site-packages/crewai/crew.py", line 1236, in _execute_tasks
    task_output = task.execute_sync(
                  ^^^^^^^^^^^^^^^^^^
  File "/usr/local/lib/python3.11/site-packages/crewai/task.py", line 499, in execute_sync
    return self._execute_core(agent, context, tools)
           ^^^^^^^^^^^^^^^^^^^^^^^^^^^^^^^^^^^^^^^^^
  File "/usr/local/lib/python3.11/site-packages/crewai/task.py", line 740, in _execute_core
    raise e  # Re-raise the exception after emitting the event
    ^^^^^^^
  File "/usr/local/lib/python3.11/site-packages/crewai/task.py", line 671, in _execute_core
    result = agent.execute_task(
             ^^^^^^^^^^^^^^^^^^^
  File "/opt/stratum_patcher/crewai_patch.py", line 159, in wrapper
    result = original(self, *args, **kwargs)
             ^^^^^^^^^^^^^^^^^^^^^^^^^^^^^^^
  File "/usr/local/lib/python3.11/site-packages/crewai/agent/core.py", line 493, in execute_task
    result = self.execute_task(task, context, tools)
             ^^^^^^^^^^^^^^^^^^^^^^^^^^^^^^^^^^^^^^^
  File "/opt/stratum_patcher/crewai_patch.py", line 159, in wrapper
    result = original(self, *args, **kwargs)
             ^^^^^^^^^^^^^^^^^^^^^^^^^^^^^^^
  File "/usr/local/lib/python3.11/site-packages/crewai/agent/core.py", line 493, in execute_task
    result = self.execute_task(task, context, tools)
             ^^^^^^^^^^^^^^^^^^^^^^^^^^^^^^^^^^^^^^^
  File "/opt/stratum_patcher/crewai_patch.py", line 159, in wrapper
    result = original(self, *args, **kwargs)
             ^^^^^^^^^^^^^^^^^^^^^^^^^^^^^^^
  File "/usr/local/lib/python3.11/site-packages/crewai/agent/core.py", line 493, in execute_task
    result = self.execute_task(task, context, tools)
             ^^^^^^^^^^^^^^^^^^^^^^^^^^^^^^^^^^^^^^^
  File "/opt/stratum_patcher/crewai_patch.py", line 159, in wrapper
    result = original(self, *args, **kwargs)
             ^^^^^^^^^^^^^^^^^^^^^^^^^^^^^^^
  File "/usr/local/lib/python3.11/site-packages/crewai/agent/core.py", line 493, in execute_task
    result = self.execute_task(task, context, tools)
             ^^^^^^^^^^^^^^^^^^^^^^^^^^^^^^^^^^^^^^^
  File "/opt/stratum_patcher/crewai_patch.py", line 159, in wrapper
    result = original(self, *args, **kwargs)
             ^^^^^^^^^^^^^^^^^^^^^^^^^^^^^^^
  File "/usr/local/lib/python3.11/site-packages/crewai/agent/core.py", line 493, in execute_task
    result = self.execute_task(task, context, tools)
             ^^^^^^^^^^^^^^^^^^^^^^^^^^^^^^^^^^^^^^^
  File "/opt/stratum_patcher/crewai_patch.py", line 159, in wrapper
    result = original(self, *args, **kwargs)
             ^^^^^^^^^^^^^^^^^^^^^^^^^^^^^^^
  File "/usr/local/lib/python3.11/site-packages/crewai/agent/core.py", line 493, in execute_task
    result = self.execute_task(task, context, tools)
             ^^^^^^^^^^^^^^^^^^^^^^^^^^^^^^^^^^^^^^^
  File "/opt/stratum_patcher/crewai_patch.py", line 159, in wrapper
    result = original(self, *args, **kwargs)
             ^^^^^^^^^^^^^^^^^^^^^^^^^^^^^^^
  File "/usr/local/lib/python3.11/site-packages/crewai/agent/core.py", line 492, in execute_task
    raise e
  File "/usr/local/lib/python3.11/site-packages/crewai/agent/core.py", line 459, in execute_task
    result = self._execute_without_timeout(task_prompt, task)
             ^^^^^^^^^^^^^^^^^^^^^^^^^^^^^^^^^^^^^^^^^^^^^^^^
  File "/usr/local/lib/python3.11/site-packages/crewai/agent/core.py", line 568, in _execute_without_timeout
    return self.agent_executor.invoke(
           ^^^^^^^^^^^^^^^^^^^^^^^^^^^
  File "/usr/local/lib/python3.11/site-packages/crewai/agents/crew_agent_executor.py", line 207, in invoke
    formatted_answer = self._invoke_loop()
                       ^^^^^^^^^^^^^^^^^^^
  File "/usr/local/lib/python3.11/site-packages/crewai/agents/crew_agent_executor.py", line 305, in _invoke_loop
    return self._invoke_loop_native_tools()
           ^^^^^^^^^^^^^^^^^^^^^^^^^^^^^^^^
  File "/usr/local/lib/python3.11/site-packages/crewai/agents/crew_agent_executor.py", line 579, in _invoke_loop_native_tools
    raise e
  File "/usr/local/lib/python3.11/site-packages/crewai/agents/crew_agent_executor.py", line 480, in _invoke_loop_native_tools
    formatted_answer = handle_max_iterations_exceeded(
                       ^^^^^^^^^^^^^^^^^^^^^^^^^^^^^^^
  File "/usr/local/lib/python3.11/site-packages/crewai/utilities/agent_utils.py", line 246, in handle_max_iterations_exceeded
    answer = llm.call(
             ^^^^^^^^^
  File "/usr/local/lib/python3.11/site-packages/crewai/llms/providers/bedrock/completion.py", line 460, in call
    return self._handle_converse(
           ^^^^^^^^^^^^^^^^^^^^^^
  File "/usr/local/lib/python3.11/site-packages/crewai/llms/providers/bedrock/completion.py", line 891, in _handle_converse
    raise ConnectionError(error_msg) from e
ConnectionError: Bedrock connection error: Unable to locate credentials
